# JRE version: OpenJDK Runtime Environment Temurin-17.0.4.1+1 (17.0.4.1+1) (build 17.0.4.1+1)
# Java VM: OpenJDK 64-Bit Server VM Temurin-17.0.4.1+1 (17.0.4.1+1, mixed mode, emulated-client, tiered, compressed oops, compressed class ptrs, g1 gc, windows-amd64)
GC Precious Log:
 CPUs: 4 total, 4 available
 Memory: 6024M
 Large Page Support: Disabled
 NUMA Support: Disabled
 Compressed Oops: Enabled (32-bit)
 Heap Region Size: 1M
 Heap Min Capacity: 8M
 Heap Initial Capacity: 96M
 Heap Max Capacity: 1508M
 Pre-touch: Disabled
 Parallel Workers: 4
 Concurrent Workers: 1
 Concurrent Refinement Workers: 4
 Periodic GC: Disabled
Heap:
 garbage-first heap   total 507904K, used 392704K [0x00000000a1c00000, 0x0000000100000000)
  region size 1024K, 288 young (294912K), 22 survivors (22528K)
 Metaspace       used 35637K, committed 35968K, reserved 1081344K
  class space    used 4626K, committed 4800K, reserved 1048576K
GC Heap History (20 events):
Event: 38.755 GC heap after
{Heap after GC invocations=15 (full 0):
 garbage-first heap   total 58368K, used 29905K [0x00000000a1c00000, 0x0000000100000000)
  region size 1024K, 1 young (1024K), 1 survivors (1024K)
 Metaspace       used 35464K, committed 35776K, reserved 1081344K
  class space    used 4600K, committed 4736K, reserved 1048576K
}
Event: 38.880 GC heap before
{Heap before GC invocations=15 (full 0):
 garbage-first heap   total 58368K, used 43217K [0x00000000a1c00000, 0x0000000100000000)
  region size 1024K, 14 young (14336K), 1 survivors (1024K)
 Metaspace       used 35470K, committed 35840K, reserved 1081344K
  class space    used 4601K, committed 4800K, reserved 1048576K
}
Event: 38.886 GC heap after
{Heap after GC invocations=16 (full 0):
 garbage-first heap   total 58368K, used 31976K [0x00000000a1c00000, 0x0000000100000000)
  region size 1024K, 2 young (2048K), 2 survivors (2048K)
 Metaspace       used 35470K, committed 35840K, reserved 1081344K
  class space    used 4601K, committed 4800K, reserved 1048576K
}
Event: 39.053 GC heap before
{Heap before GC invocations=17 (full 0):
 garbage-first heap   total 68608K, used 44264K [0x00000000a1c00000, 0x0000000100000000)
  region size 1024K, 14 young (14336K), 2 survivors (2048K)
 Metaspace       used 35470K, committed 35840K, reserved 1081344K
  class space    used 4601K, committed 4800K, reserved 1048576K
}
Event: 39.061 GC heap after
{Heap after GC invocations=18 (full 0):
 garbage-first heap   total 68608K, used 34047K [0x00000000a1c00000, 0x0000000100000000)
  region size 1024K, 2 young (2048K), 2 survivors (2048K)
 Metaspace       used 35470K, committed 35840K, reserved 1081344K
  class space    used 4601K, committed 4800K, reserved 1048576K
}
Event: 39.070 GC heap before
{Heap before GC invocations=18 (full 0):
 garbage-first heap   total 68608K, used 35071K [0x00000000a1c00000, 0x0000000100000000)
  region size 1024K, 3 young (3072K), 2 survivors (2048K)
 Metaspace       used 35470K, committed 35840K, reserved 1081344K
  class space    used 4601K, committed 4800K, reserved 1048576K
}
Event: 39.079 GC heap after
{Heap after GC invocations=19 (full 0):
 garbage-first heap   total 205824K, used 33816K [0x00000000a1c00000, 0x0000000100000000)
  region size 1024K, 1 young (1024K), 1 survivors (1024K)
 Metaspace       used 35470K, committed 35840K, reserved 1081344K
  class space    used 4601K, committed 4800K, reserved 1048576K
}
Event: 40.626 GC heap before
{Heap before GC invocations=19 (full 0):
 garbage-first heap   total 205824K, used 130072K [0x00000000a1c00000, 0x0000000100000000)
  region size 1024K, 94 young (96256K), 1 survivors (1024K)
 Metaspace       used 35533K, committed 35840K, reserved 1081344K
  class space    used 4612K, committed 4800K, reserved 1048576K
}
Event: 40.696 GC heap after
{Heap after GC invocations=20 (full 0):
 garbage-first heap   total 205824K, used 62979K [0x00000000a1c00000, 0x0000000100000000)
  region size 1024K, 12 young (12288K), 12 survivors (12288K)
 Metaspace       used 35533K, committed 35840K, reserved 1081344K
  class space    used 4612K, committed 4800K, reserved 1048576K
}
Event: 40.788 GC heap before
{Heap before GC invocations=20 (full 0):
 garbage-first heap   total 205824K, used 118275K [0x00000000a1c00000, 0x0000000100000000)
  region size 1024K, 67 young (68608K), 12 survivors (12288K)
 Metaspace       used 35637K, committed 35968K, reserved 1081344K
  class space    used 4625K, committed 4800K, reserved 1048576K
}
Event: 40.814 GC heap after
{Heap after GC invocations=21 (full 0):
 garbage-first heap   total 205824K, used 67531K [0x00000000a1c00000, 0x0000000100000000)
  region size 1024K, 4 young (4096K), 4 survivors (4096K)
 Metaspace       used 35637K, committed 35968K, reserved 1081344K
  class space    used 4625K, committed 4800K, reserved 1048576K
}
Event: 40.889 GC heap before
{Heap before GC invocations=21 (full 0):
 garbage-first heap   total 205824K, used 127947K [0x00000000a1c00000, 0x0000000100000000)
  region size 1024K, 64 young (65536K), 4 survivors (4096K)
 Metaspace       used 35637K, committed 35968K, reserved 1081344K
  class space    used 4625K, committed 4800K, reserved 1048576K
}
Event: 40.893 GC heap after
{Heap after GC invocations=22 (full 0):
 garbage-first heap   total 205824K, used 69099K [0x00000000a1c00000, 0x0000000100000000)
  region size 1024K, 5 young (5120K), 5 survivors (5120K)
 Metaspace       used 35637K, committed 35968K, reserved 1081344K
  class space    used 4625K, committed 4800K, reserved 1048576K
}
Event: 40.971 GC heap before
{Heap before GC invocations=22 (full 0):
 garbage-first heap   total 205824K, used 141803K [0x00000000a1c00000, 0x0000000100000000)
  region size 1024K, 77 young (78848K), 5 survivors (5120K)
 Metaspace       used 35637K, committed 35968K, reserved 1081344K
  class space    used 4625K, committed 4800K, reserved 1048576K
}
Event: 40.987 GC heap after
{Heap after GC invocations=23 (full 0):
 garbage-first heap   total 507904K, used 71840K [0x00000000a1c00000, 0x0000000100000000)
  region size 1024K, 8 young (8192K), 8 survivors (8192K)
 Metaspace       used 35637K, committed 35968K, reserved 1081344K
  class space    used 4625K, committed 4800K, reserved 1048576K
}
Event: 41.751 GC heap before
{Heap before GC invocations=23 (full 0):
 garbage-first heap   total 507904K, used 366752K [0x00000000a1c00000, 0x0000000100000000)
  region size 1024K, 297 young (304128K), 8 survivors (8192K)
 Metaspace       used 35637K, committed 35968K, reserved 1081344K
  class space    used 4626K, committed 4800K, reserved 1048576K
}
Event: 41.768 GC heap after
{Heap after GC invocations=24 (full 0):
 garbage-first heap   total 507904K, used 83436K [0x00000000a1c00000, 0x0000000100000000)
  region size 1024K, 19 young (19456K), 19 survivors (19456K)
 Metaspace       used 35637K, committed 35968K, reserved 1081344K
  class space    used 4626K, committed 4800K, reserved 1048576K
}
Event: 42.279 GC heap before
{Heap before GC invocations=24 (full 0):
 garbage-first heap   total 507904K, used 368108K [0x00000000a1c00000, 0x0000000100000000)
  region size 1024K, 297 young (304128K), 19 survivors (19456K)
 Metaspace       used 35637K, committed 35968K, reserved 1081344K
  class space    used 4626K, committed 4800K, reserved 1048576K
}
Event: 42.301 GC heap after
{Heap after GC invocations=25 (full 0):
 garbage-first heap   total 507904K, used 95232K [0x00000000a1c00000, 0x0000000100000000)
  region size 1024K, 31 young (31744K), 31 survivors (31744K)
 Metaspace       used 35637K, committed 35968K, reserved 1081344K
  class space    used 4626K, committed 4800K, reserved 1048576K
}
Event: 42.780 GC heap before
{Heap before GC invocations=25 (full 0):
 garbage-first heap   total 507904K, used 366592K [0x00000000a1c00000, 0x0000000100000000)
  region size 1024K, 297 young (304128K), 31 survivors (31744K)
 Metaspace       used 35637K, committed 35968K, reserved 1081344K
  class space    used 4626K, committed 4800K, reserved 1048576K
}

